<?xml version="1.0" encoding="UTF-8"?>
<testng-results skipped="0" failed="0" total="0" passed="0">
  <reporter-output>
  </reporter-output>
  <suite name="Maven.MavenDemo.AppTest" duration-ms="0" started-at="2017-02-23T06:49:44Z" finished-at="2017-02-23T06:49:44Z">
    <groups>
    </groups>
    <test name="Command line test" duration-ms="0" started-at="2017-02-23T06:49:44Z" finished-at="2017-02-23T06:49:44Z">
    </test> <!-- Command line test -->
  </suite> <!-- Maven.MavenDemo.AppTest -->
</testng-results>
