<?xml version="1.0" encoding="UTF-8"?>
<testng-results skipped="0" failed="0" total="2" passed="2">
  <reporter-output>
  </reporter-output>
  <suite name="Suite" duration-ms="103792" started-at="2017-02-28T13:04:09Z" finished-at="2017-02-28T13:05:53Z">
    <groups>
    </groups>
    <test name="Test" duration-ms="103792" started-at="2017-02-28T13:04:09Z" finished-at="2017-02-28T13:05:53Z">
      <class name="Maven.MavenDemo.parallelExec">
        <test-method status="PASS" signature="exec1()[pri:0, instance:Maven.MavenDemo.parallelExec@1724852]" name="exec1" duration-ms="77595" started-at="2017-02-28T18:34:09Z" finished-at="2017-02-28T18:35:27Z">
          <reporter-output>
          </reporter-output>
        </test-method> <!-- exec1 -->
        <test-method status="PASS" signature="exec()[pri:0, instance:Maven.MavenDemo.parallelExec@1724852]" name="exec" duration-ms="103697" started-at="2017-02-28T18:34:09Z" finished-at="2017-02-28T18:35:53Z">
          <reporter-output>
          </reporter-output>
        </test-method> <!-- exec -->
      </class> <!-- Maven.MavenDemo.parallelExec -->
    </test> <!-- Test -->
  </suite> <!-- Suite -->
</testng-results>
