<?xml version="1.0" encoding="UTF-8"?>
<testng-results skipped="0" failed="0" total="1" passed="1">
  <reporter-output>
  </reporter-output>
  <suite name="Suite" duration-ms="296918" started-at="2017-02-24T10:53:01Z" finished-at="2017-02-24T10:57:57Z">
    <groups>
    </groups>
    <test name="Test" duration-ms="296918" started-at="2017-02-24T10:53:01Z" finished-at="2017-02-24T10:57:57Z">
      <class name="Maven.MavenDemo.LoginAmazonTest">
        <test-method status="PASS" signature="testLoginAmazon()[pri:0, instance:Maven.MavenDemo.LoginAmazonTest@138b4ed]" name="testLoginAmazon" duration-ms="296906" started-at="2017-02-24T16:23:01Z" finished-at="2017-02-24T16:27:57Z">
          <reporter-output>
          </reporter-output>
        </test-method> <!-- testLoginAmazon -->
      </class> <!-- Maven.MavenDemo.LoginAmazonTest -->
    </test> <!-- Test -->
  </suite> <!-- Suite -->
</testng-results>
